Apr 04, 2017 7:40:26 PM codeu.chat.ServerMain main
INFO: ============================= START OF LOG =============================
Apr 04, 2017 7:40:27 PM codeu.chat.ServerMain main
INFO: Starting server...
Apr 04, 2017 7:40:27 PM codeu.chat.ServerMain runServer
INFO: Server object created.
Apr 04, 2017 7:40:27 PM codeu.chat.ServerMain runServer
INFO: Starting hub...
Apr 04, 2017 7:40:37 PM codeu.chat.server.Server handleConnection
INFO: Handling new connection...
Apr 04, 2017 7:40:37 PM codeu.chat.server.Controller newUser
INFO: newUser success (user.id=[UUID:100.101.2439528109] user.name=0rth0d0x user.time=04-Apr-2017 19:40:37.536)
Apr 04, 2017 7:40:37 PM codeu.chat.server.Server handleConnection
INFO: Handling new connection...
Apr 04, 2017 7:40:37 PM codeu.chat.server.Server handleConnection
INFO: Handling new connection...
Apr 04, 2017 7:40:37 PM codeu.chat.server.Controller newUser
INFO: newUser success (user.id=[UUID:100.101.84717970] user.name=BadBadAmigos user.time=04-Apr-2017 19:40:37.550)
Apr 04, 2017 7:40:37 PM codeu.chat.server.Server handleConnection
INFO: Handling new connection...
Apr 04, 2017 7:40:37 PM codeu.chat.server.Server handleConnection
INFO: Handling new connection...
Apr 04, 2017 7:40:37 PM codeu.chat.server.Controller newUser
INFO: newUser success (user.id=[UUID:100.101.516077632] user.name=BBaller47 user.time=04-Apr-2017 19:40:37.556)
Apr 04, 2017 7:40:37 PM codeu.chat.server.Server handleConnection
INFO: Handling new connection...
Apr 04, 2017 7:40:37 PM codeu.chat.server.Server handleConnection
INFO: Handling new connection...
Apr 04, 2017 7:40:37 PM codeu.chat.server.Controller newUser
INFO: newUser success (user.id=[UUID:100.101.92100637] user.name=Dailly7S user.time=04-Apr-2017 19:40:37.561)
Apr 04, 2017 7:40:37 PM codeu.chat.server.Server handleConnection
INFO: Handling new connection...
Apr 04, 2017 7:40:37 PM codeu.chat.server.Server handleConnection
INFO: Handling new connection...
Apr 04, 2017 7:40:37 PM codeu.chat.server.Controller newUser
INFO: newUser success (user.id=[UUID:100.101.3930807361] user.name=DavidGarry1 user.time=04-Apr-2017 19:40:37.567)
Apr 04, 2017 7:40:37 PM codeu.chat.server.Server handleConnection
INFO: Handling new connection...
Apr 04, 2017 7:40:37 PM codeu.chat.server.Server handleConnection
INFO: Handling new connection...
Apr 04, 2017 7:40:37 PM codeu.chat.server.Controller newUser
INFO: newUser success (user.id=[UUID:100.101.2461812828] user.name=MonikaLewwinkayyy user.time=04-Apr-2017 19:40:37.574)
Apr 04, 2017 7:40:37 PM codeu.chat.server.Server handleConnection
INFO: Handling new connection...
Apr 04, 2017 7:40:37 PM codeu.chat.server.Server handleConnection
INFO: Handling new connection...
Apr 04, 2017 7:40:37 PM codeu.chat.server.Controller newUser
INFO: newUser success (user.id=[UUID:100.101.2500771326] user.name=Sailer99 user.time=04-Apr-2017 19:40:37.579)
Apr 04, 2017 7:40:37 PM codeu.chat.server.Server handleConnection
INFO: Handling new connection...
Apr 04, 2017 7:40:37 PM codeu.chat.server.Server handleConnection
INFO: Handling new connection...
Apr 04, 2017 7:40:37 PM codeu.chat.server.Server handleConnection
INFO: Handling new connection...
Apr 04, 2017 7:40:37 PM codeu.chat.server.Server handleConnection
INFO: Handling new connection...
Apr 04, 2017 7:41:05 PM codeu.chat.server.Server handleConnection
INFO: Handling new connection...
Apr 04, 2017 7:41:18 PM codeu.chat.server.Server handleConnection
INFO: Handling new connection...
Apr 04, 2017 7:41:28 PM codeu.chat.server.Server handleConnection
INFO: Handling new connection...
Apr 04, 2017 7:41:28 PM codeu.chat.server.Controller newConversation
INFO: Conversation added: [UUID:100.101.3950608535]
Apr 04, 2017 7:41:28 PM codeu.chat.server.Server handleConnection
INFO: Handling new connection...
Apr 04, 2017 7:41:28 PM codeu.chat.server.Server handleConnection
INFO: Handling new connection...
Apr 04, 2017 7:41:28 PM codeu.chat.server.Server handleConnection
INFO: Handling new connection...
Apr 04, 2017 7:41:28 PM codeu.chat.server.Server handleConnection
INFO: Handling new connection...
Apr 04, 2017 7:41:31 PM codeu.chat.server.Server handleConnection
INFO: Handling new connection...
Apr 04, 2017 7:41:34 PM codeu.chat.server.Server handleConnection
INFO: Handling new connection...
Apr 04, 2017 7:41:34 PM codeu.chat.server.Controller newConversation
INFO: Conversation added: [UUID:100.101.197134308]
Apr 04, 2017 7:41:34 PM codeu.chat.server.Server handleConnection
INFO: Handling new connection...
Apr 04, 2017 7:41:34 PM codeu.chat.server.Server handleConnection
INFO: Handling new connection...
Apr 04, 2017 7:41:34 PM codeu.chat.server.Server handleConnection
INFO: Handling new connection...
Apr 04, 2017 7:41:34 PM codeu.chat.server.Server handleConnection
INFO: Handling new connection...
Apr 04, 2017 7:41:37 PM codeu.chat.server.Server handleConnection
INFO: Handling new connection...
Apr 04, 2017 7:41:37 PM codeu.chat.server.Controller newConversation
INFO: Conversation added: [UUID:100.101.1339223263]
Apr 04, 2017 7:41:37 PM codeu.chat.server.Server handleConnection
INFO: Handling new connection...
Apr 04, 2017 7:41:37 PM codeu.chat.server.Server handleConnection
INFO: Handling new connection...
Apr 04, 2017 7:41:37 PM codeu.chat.server.Server handleConnection
INFO: Handling new connection...
Apr 04, 2017 7:41:37 PM codeu.chat.server.Server handleConnection
INFO: Handling new connection...
Apr 04, 2017 7:41:39 PM codeu.chat.server.Server handleConnection
INFO: Handling new connection...
Apr 04, 2017 7:41:40 PM codeu.chat.server.Server handleConnection
INFO: Handling new connection...
Apr 04, 2017 7:41:42 PM codeu.chat.server.Server handleConnection
INFO: Handling new connection...
Apr 04, 2017 7:41:43 PM codeu.chat.server.Server handleConnection
INFO: Handling new connection...
Apr 04, 2017 7:41:46 PM codeu.chat.server.Server handleConnection
INFO: Handling new connection...
Apr 04, 2017 7:41:46 PM codeu.chat.server.Controller newMessage
INFO: Message added: [UUID:100.101.4145879427]
Apr 04, 2017 7:41:46 PM codeu.chat.server.Server handleConnection
INFO: Handling new connection...
Apr 04, 2017 7:41:46 PM codeu.chat.server.Server handleConnection
INFO: Handling new connection...
Apr 04, 2017 7:41:46 PM codeu.chat.server.View getMessages
INFO: in getMessage: UUID=[UUID:100.101.4145879427] range=5
Apr 04, 2017 7:41:52 PM codeu.chat.server.Server handleConnection
INFO: Handling new connection...
Apr 04, 2017 7:41:53 PM codeu.chat.server.Server handleConnection
INFO: Handling new connection...
Apr 04, 2017 7:41:59 PM codeu.chat.server.Server handleConnection
INFO: Handling new connection...
Apr 04, 2017 7:41:59 PM codeu.chat.server.Controller newConversation
INFO: Conversation added: [UUID:100.101.4037056192]
Apr 04, 2017 7:41:59 PM codeu.chat.server.Server handleConnection
INFO: Handling new connection...
Apr 04, 2017 7:41:59 PM codeu.chat.server.Server handleConnection
INFO: Handling new connection...
Apr 04, 2017 7:41:59 PM codeu.chat.server.Server handleConnection
INFO: Handling new connection...
Apr 04, 2017 7:41:59 PM codeu.chat.server.Server handleConnection
INFO: Handling new connection...
Apr 04, 2017 7:42:01 PM codeu.chat.server.Server handleConnection
INFO: Handling new connection...
Apr 04, 2017 7:42:02 PM codeu.chat.server.Server handleConnection
INFO: Handling new connection...
Apr 04, 2017 7:42:03 PM codeu.chat.server.Server handleConnection
INFO: Handling new connection...
Apr 04, 2017 7:42:06 PM codeu.chat.server.Server handleConnection
INFO: Handling new connection...
Apr 04, 2017 7:42:06 PM codeu.chat.server.Controller newMessage
INFO: Message added: [UUID:100.101.2104945579]
Apr 04, 2017 7:42:06 PM codeu.chat.server.Server handleConnection
INFO: Handling new connection...
Apr 04, 2017 7:42:06 PM codeu.chat.server.Server handleConnection
INFO: Handling new connection...
Apr 04, 2017 7:42:06 PM codeu.chat.server.View getMessages
INFO: in getMessage: UUID=[UUID:100.101.2104945579] range=5
Apr 04, 2017 7:42:07 PM codeu.chat.server.Server handleConnection
INFO: Handling new connection...
Apr 04, 2017 7:42:07 PM codeu.chat.server.Server handleConnection
INFO: Handling new connection...
Apr 04, 2017 7:42:07 PM codeu.chat.server.View getMessages
INFO: in getMessage: UUID=[UUID:100.101.4145879427] range=5
Apr 04, 2017 7:42:09 PM codeu.chat.server.Server handleConnection
INFO: Handling new connection...
Apr 04, 2017 7:42:09 PM codeu.chat.server.Controller newMessage
INFO: Message added: [UUID:100.101.3404512570]
Apr 04, 2017 7:42:09 PM codeu.chat.server.Server handleConnection
INFO: Handling new connection...
Apr 04, 2017 7:42:09 PM codeu.chat.server.Server handleConnection
INFO: Handling new connection...
Apr 04, 2017 7:42:09 PM codeu.chat.server.View getMessages
INFO: in getMessage: UUID=[UUID:100.101.4145879427] range=1
Apr 04, 2017 7:42:09 PM codeu.chat.server.Server handleConnection
INFO: Handling new connection...
Apr 04, 2017 7:42:09 PM codeu.chat.server.View getMessages
INFO: in getMessage: UUID=[UUID:100.101.3404512570] range=5
Apr 04, 2017 7:42:30 PM codeu.chat.server.Server handleConnection
INFO: Handling new connection...
Apr 04, 2017 7:42:31 PM codeu.chat.server.Server handleConnection
INFO: Handling new connection...
Apr 04, 2017 7:42:31 PM codeu.chat.server.Server handleConnection
INFO: Handling new connection...
Apr 04, 2017 7:42:31 PM codeu.chat.server.View getMessages
INFO: in getMessage: UUID=[UUID:100.101.2104945579] range=5
Apr 04, 2017 7:42:31 PM codeu.chat.server.Server handleConnection
INFO: Handling new connection...
Apr 04, 2017 7:42:58 PM codeu.chat.server.Server handleConnection
INFO: Handling new connection...
Apr 04, 2017 7:42:59 PM codeu.chat.server.Controller newUser
INFO: newUser success (user.id=[UUID:100.101.1706547311] user.name=Sail user.time=04-Apr-2017 19:42:59.000)
Apr 04, 2017 7:42:59 PM codeu.chat.server.Server handleConnection
INFO: Handling new connection...
Apr 04, 2017 7:42:59 PM codeu.chat.server.Server handleConnection
INFO: Handling new connection...
Apr 04, 2017 7:43:15 PM codeu.chat.server.Server handleConnection
INFO: Handling new connection...
Apr 04, 2017 7:43:17 PM codeu.chat.server.Server handleConnection
INFO: Handling new connection...
Apr 04, 2017 7:43:17 PM codeu.chat.server.Server handleConnection
INFO: Handling new connection...
Apr 04, 2017 7:43:17 PM codeu.chat.server.Server handleConnection
INFO: Handling new connection...
Apr 04, 2017 7:43:18 PM codeu.chat.server.Server handleConnection
INFO: Handling new connection...
Apr 04, 2017 7:43:33 PM codeu.chat.server.Server handleConnection
INFO: Handling new connection...
Apr 04, 2017 7:43:33 PM codeu.chat.server.Server handleConnection
INFO: Handling new connection...
Apr 04, 2017 7:43:33 PM codeu.chat.server.View getMessages
INFO: in getMessage: UUID=[UUID:100.101.4145879427] range=5
